(request
  (time "2011-06-01 16:52:56")
  (method "get")
  (request-uri "/xreditor/backend/")
  (headers (array (length 10)
    (host (string "localhost"))
    (user-agent (string "Mozilla/5.0 (Windows NT 6.1; WOW64; rv:2.0.1) Gecko/20100101 Firefox/4.0.1"))
    (accept (string "text/html,application/xhtml+xml,application/xml;q=0.9,*/*;q=0.8"))
    (accept-language (string "ja,en-us;q=0.7,en;q=0.3"))
    (accept-encoding (string "gzip, deflate"))
    (accept-charset (string "Shift_JIS,utf-8;q=0.7,*;q=0.7"))
    (keep-alive (string "115"))
    (connection (string "keep-alive"))
    (cookie (string "PHPSESSID=gqm5fgtcid7hf4tvi76284v1q5"))
    (cache-control (string "max-age=0"))))
(dispatch
  (class-name "components_Root" (defined-in "I:\www\XrEditor\backend\lib\components\root.php"))
  (name *NULL*)
  (next *NULL*))
(response
  (http-status 200)
  (content-type "text/html")
  (charset "utf-8")
  (headers))
(request
  (time "2011-06-01 16:59:42")
  (method "get")
  (request-uri "/xreditor/backend/")
  (headers (array (length 10)
    (host (string "localhost"))
    (user-agent (string "Mozilla/5.0 (Windows NT 6.1; WOW64; rv:2.0.1) Gecko/20100101 Firefox/4.0.1"))
    (accept (string "text/html,application/xhtml+xml,application/xml;q=0.9,*/*;q=0.8"))
    (accept-language (string "ja,en-us;q=0.7,en;q=0.3"))
    (accept-encoding (string "gzip, deflate"))
    (accept-charset (string "Shift_JIS,utf-8;q=0.7,*;q=0.7"))
    (keep-alive (string "115"))
    (connection (string "keep-alive"))
    (cookie (string "PHPSESSID=gqm5fgtcid7hf4tvi76284v1q5"))
    (cache-control (string "max-age=0"))))
(dispatch
  (class-name "components_Root" (defined-in "I:\www\XrEditor\backend\lib\components\root.php"))
  (name *NULL*)
  (next *NULL*))
(response
  (http-status 200)
  (content-type "text/html")
  (charset "utf-8")
  (headers))
(request
  (time "2011-06-01 16:59:44")
  (method "get")
  (request-uri "/xreditor/backend/dummy")
  (headers (array (length 10)
    (host (string "localhost"))
    (user-agent (string "Mozilla/5.0 (Windows NT 6.1; WOW64; rv:2.0.1) Gecko/20100101 Firefox/4.0.1"))
    (accept (string "text/html,application/xhtml+xml,application/xml;q=0.9,*/*;q=0.8"))
    (accept-language (string "ja,en-us;q=0.7,en;q=0.3"))
    (accept-encoding (string "gzip, deflate"))
    (accept-charset (string "Shift_JIS,utf-8;q=0.7,*;q=0.7"))
    (keep-alive (string "115"))
    (connection (string "keep-alive"))
    (referer (string "http://localhost/xreditor/backend/"))
    (cookie (string "PHPSESSID=gqm5fgtcid7hf4tvi76284v1q5"))))
(dispatch
  (class-name "components_Root" (defined-in "I:\www\XrEditor\backend\lib\components\root.php"))
  (name *NULL*)
  (next dummy))
(dispatch
  (class-name "components_dummy_Top" (defined-in "I:\www\XrEditor\backend\lib\components\dummy\top.php"))
  (name dummy)
  (next *NULL*))
(response
  (http-status 200)
  (content-type "text/html")
  (charset "utf-8")
  (headers))
(request
  (time "2011-06-01 17:01:33")
  (method "get")
  (request-uri "/xreditor/backend/dummy")
  (headers (array (length 11)
    (host (string "localhost"))
    (user-agent (string "Mozilla/5.0 (Windows NT 6.1; WOW64; rv:2.0.1) Gecko/20100101 Firefox/4.0.1"))
    (accept (string "text/html,application/xhtml+xml,application/xml;q=0.9,*/*;q=0.8"))
    (accept-language (string "ja,en-us;q=0.7,en;q=0.3"))
    (accept-encoding (string "gzip, deflate"))
    (accept-charset (string "Shift_JIS,utf-8;q=0.7,*;q=0.7"))
    (keep-alive (string "115"))
    (connection (string "keep-alive"))
    (referer (string "http://localhost/xreditor/backend/"))
    (cookie (string "PHPSESSID=gqm5fgtcid7hf4tvi76284v1q5"))
    (cache-control (string "max-age=0"))))
(dispatch
  (class-name "components_Root" (defined-in "I:\www\XrEditor\backend\lib\components\root.php"))
  (name *NULL*)
  (next dummy))
(dispatch
  (class-name "components_dummy_Top" (defined-in "I:\www\XrEditor\backend\lib\components\dummy\top.php"))
  (name dummy)
  (next *NULL*))
(response
  (http-status 200)
  (content-type "text/html")
  (charset "utf-8")
  (headers))
(request
  (time "2011-06-01 17:01:34")
  (method "get")
  (request-uri "/xreditor/backend/dummy/hello")
  (headers (array (length 10)
    (host (string "localhost"))
    (user-agent (string "Mozilla/5.0 (Windows NT 6.1; WOW64; rv:2.0.1) Gecko/20100101 Firefox/4.0.1"))
    (accept (string "text/html,application/xhtml+xml,application/xml;q=0.9,*/*;q=0.8"))
    (accept-language (string "ja,en-us;q=0.7,en;q=0.3"))
    (accept-encoding (string "gzip, deflate"))
    (accept-charset (string "Shift_JIS,utf-8;q=0.7,*;q=0.7"))
    (keep-alive (string "115"))
    (connection (string "keep-alive"))
    (referer (string "http://localhost/xreditor/backend/dummy"))
    (cookie (string "PHPSESSID=gqm5fgtcid7hf4tvi76284v1q5"))))
(dispatch
  (class-name "components_Root" (defined-in "I:\www\XrEditor\backend\lib\components\root.php"))
  (name *NULL*)
  (next dummy))
(dispatch
  (class-name "components_dummy_Top" (defined-in "I:\www\XrEditor\backend\lib\components\dummy\top.php"))
  (name dummy)
  (next hello))
(dispatch
  (class-name "components_dummy_Hello" (defined-in "I:\www\XrEditor\backend\lib\components\dummy\hello.php"))
  (name hello)
  (next *NULL*))
(exception
exception 'Exception' with message 'Unable to find file 'templates/dummy/hello.tpl.php'' in I:\www\XrEditor\backend\lib\konstrukt\template.inc.php:29
Stack trace:
#0 I:\www\XrEditor\backend\lib\components\dummy\hello.php(5): k_Template->render(Object(components_dummy_Hello))
#1 I:\www\XrEditor\backend\lib\konstrukt\konstrukt.inc.php(1192): components_dummy_Hello->renderHtml()
#2 I:\www\XrEditor\backend\lib\konstrukt\konstrukt.inc.php(1132): k_Component->render()
#3 I:\www\XrEditor\backend\lib\konstrukt\konstrukt.inc.php(1126): k_Component->GET()
#4 I:\www\XrEditor\backend\lib\konstrukt\konstrukt.inc.php(1115): k_Component->execute()
#5 I:\www\XrEditor\backend\lib\konstrukt\konstrukt.inc.php(1092): k_Component->dispatch()
#6 I:\www\XrEditor\backend\lib\konstrukt\konstrukt.inc.php(1113): k_Component->forward('components_dumm...')
#7 I:\www\XrEditor\backend\lib\konstrukt\konstrukt.inc.php(1092): k_Component->dispatch()
#8 I:\www\XrEditor\backend\lib\konstrukt\konstrukt.inc.php(1113): k_Component->forward('components_dumm...')
#9 I:\www\XrEditor\backend\lib\konstrukt\konstrukt.inc.php(1526): k_Component->dispatch()
#10 I:\www\XrEditor\backend\lib\konstrukt\konstrukt.inc.php(1514): k_Bootstrap->dispatchRoot('components_Root')
#11 I:\www\XrEditor\backend\index.php(12): k_Bootstrap->run('components_Root')
#12 {main})
(request
  (time "2011-06-01 17:02:22")
  (method "get")
  (request-uri "/xreditor/backend/dummy/hello")
  (headers (array (length 11)
    (host (string "localhost"))
    (user-agent (string "Mozilla/5.0 (Windows NT 6.1; WOW64; rv:2.0.1) Gecko/20100101 Firefox/4.0.1"))
    (accept (string "text/html,application/xhtml+xml,application/xml;q=0.9,*/*;q=0.8"))
    (accept-language (string "ja,en-us;q=0.7,en;q=0.3"))
    (accept-encoding (string "gzip, deflate"))
    (accept-charset (string "Shift_JIS,utf-8;q=0.7,*;q=0.7"))
    (keep-alive (string "115"))
    (connection (string "keep-alive"))
    (referer (string "http://localhost/xreditor/backend/dummy"))
    (cookie (string "PHPSESSID=gqm5fgtcid7hf4tvi76284v1q5"))
    (cache-control (string "max-age=0"))))
(dispatch
  (class-name "components_Root" (defined-in "I:\www\XrEditor\backend\lib\components\root.php"))
  (name *NULL*)
  (next dummy))
(dispatch
  (class-name "components_dummy_Top" (defined-in "I:\www\XrEditor\backend\lib\components\dummy\top.php"))
  (name dummy)
  (next hello))
(dispatch
  (class-name "components_dummy_Hello" (defined-in "I:\www\XrEditor\backend\lib\components\dummy\hello.php"))
  (name hello)
  (next *NULL*))
(response
  (http-status 200)
  (content-type "text/html")
  (charset "utf-8")
  (headers))
(request
  (time "2011-06-01 17:02:28")
  (method "get")
  (request-uri "/xreditor/backend/dummy")
  (headers (array (length 10)
    (host (string "localhost"))
    (user-agent (string "Mozilla/5.0 (Windows NT 6.1; WOW64; rv:2.0.1) Gecko/20100101 Firefox/4.0.1"))
    (accept (string "text/html,application/xhtml+xml,application/xml;q=0.9,*/*;q=0.8"))
    (accept-language (string "ja,en-us;q=0.7,en;q=0.3"))
    (accept-encoding (string "gzip, deflate"))
    (accept-charset (string "Shift_JIS,utf-8;q=0.7,*;q=0.7"))
    (keep-alive (string "115"))
    (connection (string "keep-alive"))
    (referer (string "http://localhost/xreditor/backend/"))
    (cookie (string "PHPSESSID=gqm5fgtcid7hf4tvi76284v1q5"))))
(dispatch
  (class-name "components_Root" (defined-in "I:\www\XrEditor\backend\lib\components\root.php"))
  (name *NULL*)
  (next dummy))
(dispatch
  (class-name "components_dummy_Top" (defined-in "I:\www\XrEditor\backend\lib\components\dummy\top.php"))
  (name dummy)
  (next *NULL*))
(response
  (http-status 200)
  (content-type "text/html")
  (charset "utf-8")
  (headers))
